<?xml version="1.0" encoding="UTF-8"?>
<!-- Generated by org.testng.reporters.JUnitXMLReporter -->
<testsuite ignored="2" hostname="Scoreme-Pukhraj" failures="0" tests="3" name="Test" time="0.078" errors="0" timestamp="2023-07-04T19:24:40 IST">
  <testcase classname="automationpractice.Testday2" name="loginValidDetail" time="0.012"/>
  <testcase classname="automationpractice.Testday1" name="validateSearch" time="0.015"/>
  <testcase classname="automationpractice.Testday1" name="validateCartIcon" time="0.002"/>
  <testcase classname="automationpractice.Testday1" name="validatePersonIcon" time="0.0">
    <ignored/>
  </testcase> <!-- validatePersonIcon -->
  <testcase classname="automationpractice.Testday2" name="loginWithInValidDetail" time="0.0">
    <ignored/>
  </testcase> <!-- loginWithInValidDetail -->
</testsuite> <!-- Test -->
